<?xml version="1.0" encoding="UTF-8"?>
<!-- Generated by org.testng.reporters.JUnitReportReporter -->
<testsuite hostname="Ebrahim" failures="0" tests="1" name="com.ebrahim.TestSample" time="85.419" errors="0" timestamp="2023-10-08T13:25:34 EDT" skipped="0">
  <testcase classname="com.ebrahim.TestSample" name="browerCommandTest" time="85.419"/>
  <system-out/>
</testsuite> <!-- com.ebrahim.TestSample -->
