<?xml version="1.0" encoding="UTF-8"?>
<!-- Generated by org.testng.reporters.JUnitReportReporter -->
<testsuite hostname="Ebrahim" failures="0" tests="1" name="com.ebrahim.DropDownExamples" time="12.497" errors="0" timestamp="2023-10-08T13:19:09 EDT" skipped="0">
  <testcase classname="com.ebrahim.DropDownExamples" name="dropDownTest" time="12.497"/>
  <system-out/>
</testsuite> <!-- com.ebrahim.DropDownExamples -->
