<?xml version="1.0" encoding="UTF-8"?>
<!-- Generated by org.testng.reporters.JUnitReportReporter -->
<testsuite hostname="Ebrahim" failures="0" tests="1" name="com.ebrahim.HoverExamples" time="83.529" errors="0" timestamp="2023-10-08T12:49:04 EDT" skipped="0">
  <testcase classname="com.ebrahim.HoverExamples" name="navigateTest" time="83.529"/>
  <system-out/>
</testsuite> <!-- com.ebrahim.HoverExamples -->
