<?xml version="1.0" encoding="UTF-8"?>
<!-- Generated by org.testng.reporters.JUnitReportReporter -->
<testsuite hostname="Ebrahim" failures="0" tests="1" name="com.ebrahim.AlertExamples" time="27.805" errors="0" timestamp="2023-10-08T12:31:30 EDT" skipped="0">
  <testcase classname="com.ebrahim.AlertExamples" name="alertTest" time="27.805"/>
  <system-out/>
</testsuite> <!-- com.ebrahim.AlertExamples -->
