<?xml version="1.0" encoding="UTF-8"?>
<!-- Generated by org.testng.reporters.JUnitReportReporter -->
<testsuite hostname="Ebrahim" failures="0" tests="1" name="com.ebrahim.BrowserCommandExamples" time="26.369" errors="0" timestamp="2023-10-08T12:07:11 EDT" skipped="0">
  <testcase classname="com.ebrahim.BrowserCommandExamples" name="browerCommandTest" time="26.369"/>
  <system-out/>
</testsuite> <!-- com.ebrahim.BrowserCommandExamples -->
