<?xml version="1.0" encoding="UTF-8"?>
<!-- Generated by org.testng.reporters.JUnitReportReporter -->
<testsuite hostname="Ebrahim" failures="0" tests="1" name="com.ebrahim.ScrollExamples" time="23.866" errors="0" timestamp="2023-10-14T12:12:07 EDT" skipped="0">
  <testcase classname="com.ebrahim.ScrollExamples" name="testScroll" time="23.866"/>
  <system-out/>
</testsuite> <!-- com.ebrahim.ScrollExamples -->
