<?xml version="1.0" encoding="UTF-8"?>
<!-- Generated by org.testng.reporters.JUnitReportReporter -->
<testsuite hostname="Ebrahim" failures="0" tests="1" name="com.ebrahim.IncognitoMode" time="18.663" errors="0" timestamp="2023-10-15T11:59:24 EDT" skipped="0">
  <testcase classname="com.ebrahim.IncognitoMode" name="openIncognito" time="18.663"/>
  <system-out/>
</testsuite> <!-- com.ebrahim.IncognitoMode -->
