<?xml version="1.0" encoding="UTF-8"?>
<!-- Generated by org.testng.reporters.JUnitReportReporter -->
<testsuite hostname="Ebrahim" failures="0" tests="1" name="com.ebrahim.IFrameHandling" time="5.250" errors="0" timestamp="2023-10-14T13:24:59 EDT" skipped="0">
  <testcase classname="com.ebrahim.IFrameHandling" name="iframeTest" time="5.250"/>
  <system-out/>
</testsuite> <!-- com.ebrahim.IFrameHandling -->
