<?xml version="1.0" encoding="UTF-8"?>
<!-- Generated by org.testng.reporters.JUnitReportReporter -->
<testsuite hostname="Ebrahim" failures="0" tests="1" name="com.ebrahim.FirstAutomation" time="12.543" errors="0" timestamp="2023-09-30T13:01:18 EDT" skipped="0">
  <testcase classname="com.ebrahim.FirstAutomation" name="openUrl" time="12.543"/>
  <system-out/>
</testsuite> <!-- com.ebrahim.FirstAutomation -->
