<?xml version="1.0" encoding="UTF-8"?>
<!-- Generated by org.testng.reporters.JUnitReportReporter -->
<testsuite hostname="Ebrahim" failures="0" tests="1" name="com.ebrahim.LocatorExamples" time="23.705" errors="0" timestamp="2023-10-07T12:47:46 EDT" skipped="0">
  <testcase classname="com.ebrahim.LocatorExamples" name="locatorTest" time="23.705"/>
  <system-out/>
</testsuite> <!-- com.ebrahim.LocatorExamples -->
