<?xml version="1.0" encoding="UTF-8"?>
<!-- Generated by org.testng.reporters.JUnitReportReporter -->
<testsuite hostname="Ebrahim" failures="0" tests="1" name="com.ebrahim.NavigateCommandExamples" time="51.895" errors="0" timestamp="2023-10-08T11:56:36 EDT" skipped="0">
  <testcase classname="com.ebrahim.NavigateCommandExamples" name="navigateTest" time="51.895"/>
  <system-out/>
</testsuite> <!-- com.ebrahim.NavigateCommandExamples -->
