<?xml version="1.0" encoding="UTF-8"?>
<!-- Generated by org.testng.reporters.JUnitReportReporter -->
<testsuite hostname="Ebrahim" failures="0" tests="3" name="com.ebrahim.TestNGExamples" time="0.011" errors="0" timestamp="2023-10-01T12:22:59 EDT" skipped="0">
  <testcase classname="com.ebrahim.TestNGExamples" name="firstTest" time="0.007"/>
  <system-out/>
  <testcase classname="com.ebrahim.TestNGExamples" name="Sum" time="0.001"/>
  <system-out/>
  <testcase classname="com.ebrahim.TestNGExamples" name="TestExample" time="0.003"/>
  <system-out/>
</testsuite> <!-- com.ebrahim.TestNGExamples -->
