<?xml version="1.0" encoding="UTF-8"?>
<!-- Generated by org.testng.reporters.JUnitReportReporter -->
<testsuite hostname="Ebrahim" failures="0" tests="1" name="com.ebrahim.CopyAndPaste" time="19.926" errors="0" timestamp="2023-10-08T12:59:39 EDT" skipped="0">
  <testcase classname="com.ebrahim.CopyAndPaste" name="copyPaste" time="19.926"/>
  <system-out/>
</testsuite> <!-- com.ebrahim.CopyAndPaste -->
